Fri Jan 17 15:58:13 IST 2025: Script is running
Fri Jan 17 16:05:33 IST 2025: Script is running
Fri Jan 17 16:08:22 IST 2025: Script is running
Fri Jan 17 16:10:05 IST 2025: Script is running
Fri Jan 17 16:12:05 IST 2025: Script is running
Fri Jan 17 16:17:05 IST 2025: Script is running
Fri Jan 17 16:19:05 IST 2025: Script is running
Fri Jan 17 16:37:53 IST 2025: Script is running
Fri Jan 17 16:44:13 IST 2025: Script is running
Fri Jan 17 16:53:05 IST 2025: Script is running
Fri Jan 17 17:06:05 IST 2025: Script is running
Fri Jan 17 17:11:05 IST 2025: Script is running
Fri Jan 17 17:13:05 IST 2025: Script is running
Fri Jan 17 17:22:05 IST 2025: Script is running
Fri Jan 17 20:56:03 IST 2025: Script is running
Fri Jan 17 21:00:01 IST 2025: Script is running
Fri Jan 17 21:05:05 IST 2025: Script is running
Sat Jan 18 21:05:05 IST 2025: Script is running
Sun Jan 19 02:00:42 IST 2025: Script is running
Sun Jan 19 02:02:01 IST 2025: Script is running
Sun Jan 19 21:05:05 IST 2025: Script is running
Mon Jan 20 11:10:32 IST 2025: Script is running
Mon Jan 20 15:00:05 IST 2025: Script is running
Mon Jan 20 15:01:05 IST 2025: Script is running
Tue Jan 21 10:00:06 IST 2025: Script is running
Tue Jan 21 10:01:05 IST 2025: Script is running
Tue Jan 21 10:02:05 IST 2025: Script is running
Tue Jan 21 10:03:05 IST 2025: Script is running
Tue Jan 21 10:04:05 IST 2025: Script is running
Tue Jan 21 10:05:05 IST 2025: Script is running
Tue Jan 21 10:06:05 IST 2025: Script is running
Tue Jan 21 10:07:05 IST 2025: Script is running
Tue Jan 21 10:08:05 IST 2025: Script is running
Tue Jan 21 10:09:05 IST 2025: Script is running
Tue Jan 21 10:10:05 IST 2025: Script is running
Tue Jan 21 10:11:05 IST 2025: Script is running
Tue Jan 21 10:12:05 IST 2025: Script is running
Tue Jan 21 10:13:05 IST 2025: Script is running
Tue Jan 21 10:14:05 IST 2025: Script is running
Tue Jan 21 10:15:05 IST 2025: Script is running
Tue Jan 21 10:16:05 IST 2025: Script is running
Tue Jan 21 10:17:05 IST 2025: Script is running
Tue Jan 21 10:18:05 IST 2025: Script is running
Tue Jan 21 10:19:05 IST 2025: Script is running
Tue Jan 21 10:20:05 IST 2025: Script is running
Tue Jan 21 10:21:05 IST 2025: Script is running
Tue Jan 21 10:22:05 IST 2025: Script is running
Tue Jan 21 10:23:05 IST 2025: Script is running
Tue Jan 21 10:24:05 IST 2025: Script is running
Tue Jan 21 10:25:05 IST 2025: Script is running
Tue Jan 21 10:26:05 IST 2025: Script is running
Tue Jan 21 10:27:05 IST 2025: Script is running
Tue Jan 21 10:28:05 IST 2025: Script is running
Tue Jan 21 10:29:05 IST 2025: Script is running
Tue Jan 21 10:30:05 IST 2025: Script is running
Tue Jan 21 10:31:05 IST 2025: Script is running
Tue Jan 21 10:32:05 IST 2025: Script is running
Tue Jan 21 10:33:06 IST 2025: Script is running
Tue Jan 21 10:34:05 IST 2025: Script is running
Tue Jan 21 10:35:05 IST 2025: Script is running
Tue Jan 21 11:14:05 IST 2025: Script is running
Tue Jan 21 11:16:05 IST 2025: Script is running
Tue Jan 21 11:45:06 IST 2025: Script is running
Tue Jan 21 11:48:05 IST 2025: Script is running
Tue Jan 21 11:49:05 IST 2025: Script is running
Tue Jan 21 11:52:05 IST 2025: Script is running
Tue Jan 21 11:53:44 IST 2025: Script is running
Tue Jan 21 11:55:05 IST 2025: Script is running
Tue Jan 21 11:56:05 IST 2025: Script is running
Tue Jan 21 12:00:05 IST 2025: Script is running
Tue Jan 21 12:01:05 IST 2025: Script is running
Tue Jan 21 12:02:05 IST 2025: Script is running
Tue Jan 21 12:03:05 IST 2025: Script is running
Tue Jan 21 12:04:05 IST 2025: Script is running
Tue Jan 21 12:05:05 IST 2025: Script is running
Tue Jan 21 12:06:05 IST 2025: Script is running
Tue Jan 21 12:07:05 IST 2025: Script is running
Tue Jan 21 12:08:05 IST 2025: Script is running
Tue Jan 21 12:09:05 IST 2025: Script is running
Tue Jan 21 12:10:05 IST 2025: Script is running
Tue Jan 21 12:13:06 IST 2025: Script is running
Tue Jan 21 12:35:05 IST 2025: Script is running
Tue Jan 21 12:43:05 IST 2025: Script is running
Tue Jan 21 12:46:05 IST 2025: Script is running
Tue Jan 21 12:48:04 IST 2025: Script is running
Tue Jan 21 12:49:05 IST 2025: Script is running
Tue Jan 21 14:11:05 IST 2025: Script is running
Tue Jan 21 14:23:05 IST 2025: Script is running
Tue Jan 21 15:29:51 IST 2025: Script is running
Tue Jan 21 15:33:05 IST 2025: Script is running
